1627573305815	geckodriver	INFO	Listening on 127.0.0.1:50399
1627573308826	mozrunner::runner	INFO	Running command: "C:\\Program Files\\Mozilla Firefox\\firefox.exe" "--marionette" "-foreground" "-no-remote" "-profile" "C:\\Users\\trant\\AppData\\Local\\Temp\\rust_mozprofilezUrNEY"
1627573309635	Marionette	INFO	Marionette enabled
console.warn: SearchSettings: "get: No settings file exists, new profile?" (new NotFoundError("Could not open the file at C:\\Users\\trant\\AppData\\Local\\Temp\\rust_mozprofilezUrNEY\\search.json.mozlz4", (void 0)))
console.error: Region.jsm: "Error fetching region" (new Error("TIMEOUT", "resource://gre/modules/Region.jsm", 772))
console.error: Region.jsm: "Failed to fetch region" (new Error("TIMEOUT", "resource://gre/modules/Region.jsm", 419))
1627573321127	Marionette	INFO	Listening on port 50408
1627573321837	Marionette	WARN	TLS certificate errors will be ignored for this session
1627573377377	Marionette	INFO	Stopped listening on port 50408
1627575195803	geckodriver	INFO	Listening on 127.0.0.1:60543
1627575198817	mozrunner::runner	INFO	Running command: "C:\\Program Files\\Mozilla Firefox\\firefox.exe" "--marionette" "-foreground" "-no-remote" "-profile" "C:\\Users\\trant\\AppData\\Local\\Temp\\rust_mozprofileg3zuwR"
1627575201737	Marionette	INFO	Marionette enabled
console.warn: SearchSettings: "get: No settings file exists, new profile?" (new NotFoundError("Could not open the file at C:\\Users\\trant\\AppData\\Local\\Temp\\rust_mozprofileg3zuwR\\search.json.mozlz4", (void 0)))
console.error: Region.jsm: "Error fetching region" (new Error("TIMEOUT", "resource://gre/modules/Region.jsm", 772))
console.error: Region.jsm: "Failed to fetch region" (new Error("TIMEOUT", "resource://gre/modules/Region.jsm", 419))
1627575216739	Marionette	INFO	Listening on port 60566
1627575217805	Marionette	WARN	TLS certificate errors will be ignored for this session
JavaScript error: , line 0: NotFoundError: No such JSWindowActor 'MarionetteEvents'
1627575411459	geckodriver	INFO	Listening on 127.0.0.1:60709
1627575414852	mozrunner::runner	INFO	Running command: "C:\\Program Files\\Mozilla Firefox\\firefox.exe" "--marionette" "-foreground" "-no-remote" "-profile" "C:\\Users\\trant\\AppData\\Local\\Temp\\rust_mozprofile31dePH"
1627575419125	Marionette	INFO	Marionette enabled
console.warn: SearchSettings: "get: No settings file exists, new profile?" (new NotFoundError("Could not open the file at C:\\Users\\trant\\AppData\\Local\\Temp\\rust_mozprofile31dePH\\search.json.mozlz4", (void 0)))
1627575444698	Marionette	INFO	Listening on port 60718
1627575444896	Marionette	WARN	TLS certificate errors will be ignored for this session

###!!! [Child][RunMessage] Error: Channel closing: too late to send/recv, messages will be lost


###!!! [Child][RunMessage] Error: Channel closing: too late to send/recv, messages will be lost

1627575506214	Marionette	INFO	Stopped listening on port 60718
